2026-02-05 16:29:43,455 [INFO] Log file created: FtsZ_length_analysis_FtsZ1_domain_extract.log
2026-02-05 16:29:43,456 [INFO] ===== RUN PARAMETERS =====
2026-02-05 16:29:43,456 [INFO] Alignment file : ../FtsZ_length_analysis_FtsZ1_20260205_152256/FtsZ_length_analysis_FtsZ1.aln
2026-02-05 16:29:43,456 [INFO] N-term end col : 247
2026-02-05 16:29:43,456 [INFO] C-term start col : 634
2026-02-05 16:29:43,456 [INFO] Min full-length (ungapped) : 335
2026-02-05 16:29:43,456 [INFO] Verbose mode : True
2026-02-05 16:29:43,456 [INFO] ==========================
2026-02-05 16:29:43,456 [INFO] Reading alignment: ../FtsZ_length_analysis_FtsZ1_20260205_152256/FtsZ_length_analysis_FtsZ1.aln
2026-02-05 16:29:43,458 [INFO] Loaded 351 sequences with 761 alignment columns
2026-02-05 16:29:43,458 [DEBUG] CCLAHBPI_03762_Lokiarchaeia_Sigynarchaeales removed (full ungapped length 312)
2026-02-05 16:29:43,458 [DEBUG] GNCDBOGN_04336_Lokiarchaeia_Sigynarchaeales removed (full ungapped length 296)
2026-02-05 16:29:43,458 [DEBUG] ELCOMMCJ_00875_Sifarchaeia_Borrarchaeales removed (full ungapped length 327)
2026-02-05 16:29:43,458 [DEBUG] MIPHEGPH_00643_Lokiarchaeia_Sigynarchaeales removed (full ungapped length 321)
2026-02-05 16:29:43,459 [DEBUG] HMMNIEND_01494_Heimdallarchaeia_JABLTI01 removed (full ungapped length 319)
2026-02-05 16:29:43,459 [DEBUG] ABGADGFC_00001_Heimdallarchaeia_Heimdallarchaeales removed (full ungapped length 300)
2026-02-05 16:29:43,459 [DEBUG] JHHIPLGG_00640_Lokiarchaeia_Sigynarchaeales removed (full ungapped length 311)
2026-02-05 16:29:43,459 [DEBUG] GKKHJKJI_02529_Lokiarchaeia_Sigynarchaeales removed (full ungapped length 326)
2026-02-05 16:29:43,460 [DEBUG] ONOEDPCE_02530_Thorarchaeia_Thorarchaeales removed (full ungapped length 327)
2026-02-05 16:29:43,460 [DEBUG] CBNAMDAB_02738_Thorarchaeia_Thorarchaeales removed (full ungapped length 313)
2026-02-05 16:29:43,460 [INFO] Sequences passing full-length filter (≥335 aa): 341
2026-02-05 16:29:43,460 [INFO] Sequences removed by full-length filter: 10
2026-02-05 16:29:43,463 [INFO] N-term sequences extracted: 341
2026-02-05 16:29:43,463 [INFO] C-term sequences extracted: 341
2026-02-05 16:29:43,465 [INFO] Saved N-term FASTA → FtsZ_length_analysis_FtsZ1_Nterm.fasta
2026-02-05 16:29:43,465 [INFO] Saved C-term FASTA → FtsZ_length_analysis_FtsZ1_Cterm.fasta
2026-02-05 16:29:43,465 [INFO] Done.
